t_ms	cmd	v_eq	left_count	left_rad_s	left_rpm						
20	85	4	8	0.8986	8.581						
40	85	4	34	2.9203	27.887						
60	85	4	69	3.9312	37.54						
80	85	4	113	4.9421	47.193						
100	85	4	160	5.279	50.411			kv = 6.6269 / 4	K	737.5016967	
120	85	4	213	5.953	56.847						
140	85	4	265	5.8406	55.774				omega 3	4.1882008	
160	85	4	322	6.4022	61.137						
180	85	4	376	6.0653	57.919				interpolated tau	65.0845	ms
200	85	4	434	6.5146	62.21						
220	85	4	489	6.1776	58.992						
240	85	4	548	6.6269	63.282				used PIDTUNE		
260	85	4	607	6.6269	63.282				KP = 0.00194	KI=0.541	
280	85	4	663	6.2899	60.064						
300	85	4	721	6.5146	62.21						
320	85	4	777	6.2899	60.064						
340	85	4	836	6.6269	63.282						
360	85	4	892	6.2899	60.064						
380	85	4	951	6.6269	63.282						
400	85	4	1007	6.2899	60.064						
420	85	4	1067	6.7392	64.355						
440	85	4	1123	6.2899	60.064						
460	85	4	1182	6.6269	63.282						
480	85	4	1238	6.2899	60.064						
500	85	4	1297	6.6269	63.282						
520	85	4	1353	6.2899	60.064						
540	85	4	1412	6.6269	63.282						
561	85	4	1471	6.3113	60.269						
581	85	4	1530	6.6269	63.282						
601	85	4	1589	6.6269	63.282						
621	85	4	1645	6.2899	60.064						
641	85	4	1704	6.6269	63.282						
661	85	4	1760	6.2899	60.064						
681	85	4	1819	6.6269	63.282						
701	85	4	1875	6.2899	60.064						
721	85	4	1934	6.6269	63.282						
741	85	4	1990	6.2899	60.064						
761	85	4	2049	6.6269	63.282						
781	85	4	2105	6.2899	60.064						
801	85	4	2164	6.6269	63.282						
821	85	4	2220	6.2899	60.064						
841	85	4	2279	6.6269	63.282						
861	85	4	2335	6.2899	60.064						
881	85	4	2394	6.6269	63.282						
901	85	4	2453	6.6269	63.282						
921	85	4	2509	6.2899	60.064						
941	85	4	2568	6.6269	63.282						
961	85	4	2624	6.2899	60.064						
981	85	4	2683	6.6269	63.282						
1001	85	4	2739	6.2899	60.064						
1021	85	4	2799	6.7392	64.355						
1041	85	4	2855	6.2899	60.064						
1061	85	4	2914	6.6269	63.282						
1081	85	4	2970	6.2899	60.064						
1101	85	4	3028	6.5146	62.21						
1121	85	4	3084	6.2899	60.064						
1141	85	4	3143	6.6269	63.282						
1161	85	4	3199	6.2899	60.064						
1181	85	4	3259	6.7392	64.355						
1201	85	4	3315	6.2899	60.064						
1221	85	4	3374	6.6269	63.282						
1241	85	4	3433	6.6269	63.282						
1261	85	4	3489	6.2899	60.064						
1281	85	4	3548	6.6269	63.282						
1301	85	4	3604	6.2899	60.064						
1321	85	4	3663	6.6269	63.282						
1341	85	4	3719	6.2899	60.064						
1361	85	4	3778	6.6269	63.282						
1381	85	4	3834	6.2899	60.064						
1401	85	4	3893	6.6269	63.282						
1421	85	4	3949	6.2899	60.064						
1441	85	4	4008	6.6269	63.282						
1461	85	4	4064	6.2899	60.064						
1481	85	4	4123	6.6269	63.282						
1501	85	4	4179	6.2899	60.064						
1521	85	4	4238	6.6269	63.282						
1541	85	4	4297	6.6269	63.282						
1561	85	4	4353	6.2899	60.064						
1581	85	4	4412	6.6269	63.282						
1601	85	4	4468	6.2899	60.064						
1621	85	4	4527	6.6269	63.282						
1641	85	4	4583	6.2899	60.064						
1661	85	4	4643	6.7392	64.355						
1681	85	4	4699	6.2899	60.064						
1701	85	4	4758	6.6269	63.282						
1721	85	4	4813	6.1776	58.992						
1741	85	4	4872	6.6269	63.282						
1761	85	4	4928	6.2899	60.064						
1781	85	4	4987	6.6269	63.282						
1801	85	4	5043	6.2899	60.064						
1821	85	4	5102	6.6269	63.282						
1841	85	4	5158	6.2899	60.064						
1861	85	4	5217	6.6269	63.282						
1881	85	4	5276	6.6269	63.282						
1901	85	4	5332	6.2899	60.064						
1921	85	4	5391	6.6269	63.282						
1941	85	4	5447	6.2899	60.064						
1961	85	4	5506	6.6269	63.282						
1981	85	4	5562	6.2899	60.064						
2001	85	4	5622	6.7392	64.355						
2021	85	4	5678	6.2899	60.064						
2041	85	4	5737	6.6269	63.282						
2061	85	4	5793	6.2899	60.064						
2081	85	4	5851	6.5146	62.21						
2101	85	4	5908	6.4022	61.137						
2121	85	4	5967	6.6269	63.282						
2141	85	4	6023	6.2899	60.064						
2161	85	4	6082	6.6269	63.282						
2181	85	4	6141	6.6269	63.282						
2201	85	4	6197	6.2899	60.064						
2221	85	4	6256	6.6269	63.282						
2241	85	4	6312	6.2899	60.064						
2261	85	4	6371	6.6269	63.282						
2281	85	4	6427	6.2899	60.064						
2301	85	4	6486	6.6269	63.282						
2321	85	4	6542	6.2899	60.064						
2341	85	4	6601	6.6269	63.282						
2361	85	4	6657	6.2899	60.064						
2381	85	4	6716	6.6269	63.282						
2401	85	4	6772	6.2899	60.064						
2421	85	4	6831	6.6269	63.282						
2441	85	4	6887	6.2899	60.064						
2461	85	4	6946	6.6269	63.282						
2481	85	4	7002	6.2899	60.064						
2501	85	4	7061	6.6269	63.282						
2521	85	4	7120	6.6269	63.282						
2541	85	4	7176	6.2899	60.064						
2561	85	4	7235	6.6269	63.282						
2581	85	4	7291	6.2899	60.064						
2601	85	4	7350	6.6269	63.282						
2621	85	4	7406	6.2899	60.064						
2641	85	4	7465	6.6269	63.282						
2661	85	4	7521	6.2899	60.064						
2681	85	4	7580	6.6269	63.282						
2701	85	4	7636	6.2899	60.064						
2721	85	4	7695	6.6269	63.282						
2741	85	4	7751	6.2899	60.064						
2761	85	4	7810	6.6269	63.282						
2781	85	4	7866	6.2899	60.064						
2801	85	4	7925	6.6269	63.282						
2821	85	4	7984	6.6269	63.282						
2841	85	4	8040	6.2899	60.064						
2861	85	4	8099	6.6269	63.282						
2881	85	4	8155	6.2899	60.064						
2901	85	4	8215	6.7392	64.355						
2921	85	4	8271	6.2899	60.064						
2941	85	4	8330	6.6269	63.282						
2961	85	4	8386	6.2899	60.064						
2981	85	4	8444	6.5146	62.21						
3001	85	4	8501	6.4022	61.137						
3021	85	4	8560	6.6269	63.282						
3041	85	4	8616	6.2899	60.064						
3061	85	4	8675	6.6269	63.282						
3081	85	4	8731	6.2899	60.064						
3101	85	4	8790	6.6269	63.282						
3121	85	4	8846	6.2899	60.064						
3141	85	4	8905	6.6269	63.282						
3161	85	4	8964	6.6269	63.282						
3181	85	4	9020	6.2899	60.064						
3201	85	4	9079	6.6269	63.282						
3221	85	4	9135	6.2899	60.064						
3241	85	4	9194	6.6269	63.282						
3261	85	4	9250	6.2899	60.064						
3281	85	4	9309	6.6269	63.282						
3301	85	4	9365	6.2899	60.064						
3321	85	4	9424	6.6269	63.282						
3341	85	4	9480	6.2899	60.064						
3361	85	4	9539	6.6269	63.282						
3381	85	4	9595	6.2899	60.064						
3401	85	4	9654	6.6269	63.282						
3421	85	4	9711	6.4022	61.137						
3441	85	4	9770	6.6269	63.282						
3461	85	4	9828	6.5146	62.21						
3481	85	4	9885	6.4022	61.137						
3501	85	4	9944	6.6269	63.282						
3521	85	4	10000	6.2899	60.064						
3541	85	4	10059	6.6269	63.282						
3561	85	4	10115	6.2899	60.064						
3581	85	4	10173	6.5146	62.21						
3601	85	4	10230	6.4022	61.137						
3621	85	4	10288	6.5146	62.21						
3641	85	4	10345	6.4022	61.137						
3661	85	4	10404	6.6269	63.282						
3681	85	4	10460	6.2899	60.064						
3701	85	4	10519	6.6269	63.282						
3721	85	4	10575	6.2899	60.064						
3741	85	4	10634	6.6269	63.282						
3761	85	4	10690	6.2899	60.064						
3781	85	4	10748	6.5146	62.21						
3801	85	4	10807	6.6269	63.282						
3821	85	4	10863	6.2899	60.064						
3841	85	4	10923	6.7392	64.355						
3861	85	4	10979	6.2899	60.064						
3881	85	4	11038	6.6269	63.282						
3901	85	4	11094	6.2899	60.064						
3921	85	4	11153	6.6269	63.282						
3941	85	4	11209	6.2899	60.064						
3961	85	4	11268	6.6269	63.282						
3981	85	4	11324	6.2899	60.064						
4001	85	4	11383	6.6269	63.282						
4021	85	4	11439	6.2899	60.064						
4041	85	4	11498	6.6269	63.282						
4061	85	4	11554	6.2899	60.064						
4081	85	4	11613	6.6269	63.282						
4101	85	4	11672	6.6269	63.282						
4121	85	4	11728	6.2899	60.064						
4141	85	4	11787	6.6269	63.282						
4161	85	4	11843	6.2899	60.064						
4181	85	4	11902	6.6269	63.282						
4201	85	4	11958	6.2899	60.064						
4221	85	4	12017	6.6269	63.282						
4241	85	4	12073	6.2899	60.064						
4261	85	4	12132	6.6269	63.282						
4281	85	4	12188	6.2899	60.064						
4301	85	4	12247	6.6269	63.282						
4321	85	4	12303	6.2899	60.064						
4341	85	4	12362	6.6269	63.282						
4361	85	4	12418	6.2899	60.064						
4381	85	4	12477	6.6269	63.282						
4401	85	4	12533	6.2899	60.064						
4421	85	4	12592	6.6269	63.282						
4441	85	4	12651	6.6269	63.282						
4461	85	4	12707	6.2899	60.064						
4481	85	4	12766	6.6269	63.282						
4501	85	4	12822	6.2899	60.064						
4521	85	4	12881	6.6269	63.282						
4541	85	4	12937	6.2899	60.064						
4561	85	4	12996	6.6269	63.282						
4581	85	4	13052	6.2899	60.064						
4601	85	4	13111	6.6269	63.282						
4621	85	4	13167	6.2899	60.064						
4641	85	4	13227	6.7392	64.355						
4661	85	4	13283	6.2899	60.064						
4681	85	4	13342	6.6269	63.282						
4701	85	4	13398	6.2899	60.064						
4721	85	4	13457	6.6269	63.282						
4741	85	4	13516	6.6269	63.282						
4761	85	4	13572	6.2899	60.064						
4781	85	4	13631	6.6269	63.282						
4801	85	4	13687	6.2899	60.064						
4821	85	4	13746	6.6269	63.282						
4841	85	4	13802	6.2899	60.064						
4861	85	4	13861	6.6269	63.282						
4881	85	4	13917	6.2899	60.064						
4901	85	4	13976	6.6269	63.282						
4921	85	4	14032	6.2899	60.064						
4941	85	4	14091	6.6269	63.282						
4961	85	4	14147	6.2899	60.064						
4981	85	4	14206	6.6269	63.282						
